<?xml version="1.0" encoding="UTF-8"?>
<!-- Generated by org.testng.reporters.JUnitReportReporter -->
<testsuite skipped="0" hostname="DESKTOP-S9U634I" name="test.LoginTest" tests="1" failures="0" timestamp="2022-07-15T16:54:25 CDT" time="3.732" errors="0">
  <testcase name="validUserShouldBeAbleToLogin" time="3.732" classname="test.LoginTest"/>
  <system-out/>
</testsuite> <!-- test.LoginTest -->
